2017-12-23 18:51:37,217 - CarRepairSystem - INFO - Called method select; execution time 0.01 seconds; result {"status": "True", "message": "{'total': 1, 'list': [<RepairMaterial 1>]}"}.
2017-12-23 18:54:27,959 - CarRepairSystem - INFO - Called method select; execution time 0.01 seconds; result {"status": "True", "message": "{'total': 1, 'list': [<CarOwner 1>]}"}.
2017-12-23 19:04:49,858 - CarRepairSystem - INFO - Called method select; execution time 0.01 seconds; result {"status": "True", "message": "{'total': 11, 'list': [<Car 1>, <Car 2>, <Car 3>, <Car 4>, <Car 5>, <Car 6>, <Car 7>, <Car 8>, <Car 9>, <Car 10>]}"}.
2017-12-23 19:04:51,493 - CarRepairSystem - INFO - Called method select; execution time 0.01 seconds; result {"status": "True", "message": "{'total': 11, 'list': [<Car 11>]}"}.
2017-12-23 19:04:52,387 - CarRepairSystem - INFO - Called method select; execution time 0.01 seconds; result {"status": "True", "message": "{'total': 11, 'list': [<Car 1>, <Car 2>, <Car 3>, <Car 4>, <Car 5>, <Car 6>, <Car 7>, <Car 8>, <Car 9>, <Car 10>]}"}.
2017-12-23 19:06:17,924 - CarRepairSystem - INFO - Called method select; execution time 0.01 seconds; result {"status": "True", "message": "{'total': 11, 'list': [<Car 1>, <Car 2>, <Car 3>, <Car 4>, <Car 5>, <Car 6>, <Car 7>, <Car 8>, <Car 9>, <Car 10>]}"}.
2017-12-23 19:06:18,609 - CarRepairSystem - INFO - Called method select; execution time 0.01 seconds; result {"status": "True", "message": "{'total': 11, 'list': [<Car 1>, <Car 2>, <Car 3>, <Car 4>, <Car 5>, <Car 6>, <Car 7>, <Car 8>, <Car 9>, <Car 10>]}"}.
2017-12-23 19:06:59,905 - CarRepairSystem - INFO - Called method select; execution time 0.01 seconds; result {"status": "True", "message": "{'total': 12, 'list': [<RepairProject 1>, <RepairProject 2>, <RepairProject 3>, <RepairProject 4>, <RepairProject 5>, <RepairProject 6>, <RepairProject 7>, <RepairProject 8>, <RepairProject 9>, <RepairProject 10>]}"}.
2017-12-23 19:08:07,769 - CarRepairSystem - INFO - Called method select; execution time 0.02 seconds; result {"status": "True", "message": "{'total': 11, 'list': [<Car 1>, <Car 2>, <Car 3>, <Car 4>, <Car 5>, <Car 6>, <Car 7>, <Car 8>, <Car 9>, <Car 10>]}"}.
2017-12-23 19:08:38,233 - CarRepairSystem - INFO - Called method select; execution time 0.02 seconds; result {"status": "True", "message": "{'total': 11, 'list': [<Car 1>, <Car 2>, <Car 3>, <Car 4>, <Car 5>, <Car 6>, <Car 7>, <Car 8>, <Car 9>, <Car 10>]}"}.
2017-12-23 19:14:15,457 - CarRepairSystem - INFO - Called method select; execution time 0.01 seconds; result {"status": "True", "message": "{'total': 11, 'list': [<Car 1>, <Car 2>, <Car 3>, <Car 4>, <Car 5>, <Car 6>, <Car 7>, <Car 8>, <Car 9>, <Car 10>]}"}.
2017-12-23 19:14:24,467 - CarRepairSystem - INFO - Called method select; execution time 0.02 seconds; result {"status": "True", "message": "{'total': 11, 'list': [<Car 1>, <Car 2>, <Car 3>, <Car 4>, <Car 5>, <Car 6>, <Car 7>, <Car 8>, <Car 9>, <Car 10>]}"}.
2017-12-23 19:15:45,490 - CarRepairSystem - INFO - Called method select; execution time 0.02 seconds; result {"status": "True", "message": "{'total': 11, 'list': [<Car 1>, <Car 2>, <Car 3>, <Car 4>, <Car 5>, <Car 6>, <Car 7>, <Car 8>, <Car 9>, <Car 10>]}"}.
2017-12-23 19:15:55,859 - CarRepairSystem - INFO - Called method select; execution time 0.01 seconds; result {"status": "True", "message": "{'total': 11, 'list': [<Car 11>]}"}.
2017-12-23 19:15:56,802 - CarRepairSystem - INFO - Called method select; execution time 0.01 seconds; result {"status": "True", "message": "{'total': 11, 'list': [<Car 1>, <Car 2>, <Car 3>, <Car 4>, <Car 5>, <Car 6>, <Car 7>, <Car 8>, <Car 9>, <Car 10>]}"}.
2017-12-23 19:15:57,967 - CarRepairSystem - INFO - Called method select; execution time 0.01 seconds; result {"status": "True", "message": "{'total': 11, 'list': [<Car 1>, <Car 2>, <Car 3>, <Car 4>, <Car 5>, <Car 6>, <Car 7>, <Car 8>, <Car 9>, <Car 10>]}"}.
2017-12-23 19:16:07,348 - CarRepairSystem - INFO - Called method select; execution time 0.01 seconds; result {"status": "True", "message": "{'total': 11, 'list': [<Car 11>]}"}.
2017-12-23 19:16:47,065 - CarRepairSystem - INFO - Called method select; execution time 0.01 seconds; result {"status": "True", "message": "{'total': 11, 'list': [<Car 1>, <Car 2>, <Car 3>, <Car 4>, <Car 5>, <Car 6>, <Car 7>, <Car 8>, <Car 9>, <Car 10>]}"}.
2017-12-23 19:37:26,361 - CarRepairSystem - INFO - Called method select; execution time 0.01 seconds; result {"status": "True", "message": "{'total': 11, 'list': [<RepairOrder 1>, <RepairOrder 2>, <RepairOrder 3>, <RepairOrder 4>, <RepairOrder 5>, <RepairOrder 6>, <RepairOrder 7>, <RepairOrder 8>, <RepairOrder 9>, <RepairOrder 10>]}"}.
2017-12-23 19:39:07,197 - CarRepairSystem - INFO - Called method select; execution time 0.01 seconds; result {"status": "True", "message": "{'total': 11, 'list': [<RepairOrder 1>, <RepairOrder 2>, <RepairOrder 3>, <RepairOrder 4>, <RepairOrder 5>, <RepairOrder 6>, <RepairOrder 7>, <RepairOrder 8>, <RepairOrder 9>, <RepairOrder 10>]}"}.
2017-12-23 19:39:36,519 - CarRepairSystem - INFO - Called method select; execution time 0.01 seconds; result {"status": "True", "message": "{'total': 12, 'list': [<RepairProject 1>, <RepairProject 2>, <RepairProject 3>, <RepairProject 4>, <RepairProject 5>, <RepairProject 6>, <RepairProject 7>, <RepairProject 8>, <RepairProject 9>, <RepairProject 10>]}"}.
2017-12-23 19:40:09,693 - CarRepairSystem - INFO - Called method select; execution time 0.01 seconds; result {"status": "True", "message": "{'total': 11, 'list': [<RepairOrder 1>, <RepairOrder 2>, <RepairOrder 3>, <RepairOrder 4>, <RepairOrder 5>, <RepairOrder 6>, <RepairOrder 7>, <RepairOrder 8>, <RepairOrder 9>, <RepairOrder 10>]}"}.
2017-12-23 19:40:12,523 - CarRepairSystem - INFO - Called method select; execution time 0.00 seconds; result {"status": "True", "message": "{'total': 12, 'list': [<RepairProject 1>, <RepairProject 2>, <RepairProject 3>, <RepairProject 4>, <RepairProject 5>, <RepairProject 6>, <RepairProject 7>, <RepairProject 8>, <RepairProject 9>, <RepairProject 10>]}"}.
2017-12-23 19:41:33,142 - CarRepairSystem - INFO - Called method select; execution time 0.01 seconds; result {"status": "True", "message": "{'total': 11, 'list': [<RepairOrder 1>, <RepairOrder 2>, <RepairOrder 3>, <RepairOrder 4>, <RepairOrder 5>, <RepairOrder 6>, <RepairOrder 7>, <RepairOrder 8>, <RepairOrder 9>, <RepairOrder 10>]}"}.
2017-12-23 19:41:50,355 - CarRepairSystem - INFO - Called method select; execution time 0.01 seconds; result {"status": "True", "message": "{'total': 11, 'list': [<RepairOrder 1>, <RepairOrder 2>, <RepairOrder 3>, <RepairOrder 4>, <RepairOrder 5>, <RepairOrder 6>, <RepairOrder 7>, <RepairOrder 8>, <RepairOrder 9>, <RepairOrder 10>]}"}.
2017-12-23 19:42:26,688 - CarRepairSystem - INFO - Called method select; execution time 0.01 seconds; result {"status": "True", "message": "{'total': 11, 'list': [<RepairOrder 1>, <RepairOrder 2>, <RepairOrder 3>, <RepairOrder 4>, <RepairOrder 5>, <RepairOrder 6>, <RepairOrder 7>, <RepairOrder 8>, <RepairOrder 9>, <RepairOrder 10>]}"}.
2017-12-23 19:46:03,605 - CarRepairSystem - INFO - Called method select; execution time 0.01 seconds; result {"status": "True", "message": "{'total': 11, 'list': [<RepairOrder 1>, <RepairOrder 2>, <RepairOrder 3>, <RepairOrder 4>, <RepairOrder 5>, <RepairOrder 6>, <RepairOrder 7>, <RepairOrder 8>, <RepairOrder 9>, <RepairOrder 10>]}"}.
2017-12-23 19:46:21,377 - CarRepairSystem - INFO - Called method select; execution time 0.01 seconds; result {"status": "True", "message": "{'total': 11, 'list': [<RepairOrder 1>, <RepairOrder 2>, <RepairOrder 3>, <RepairOrder 4>, <RepairOrder 5>, <RepairOrder 6>, <RepairOrder 7>, <RepairOrder 8>, <RepairOrder 9>, <RepairOrder 10>]}"}.
2017-12-23 19:46:47,946 - CarRepairSystem - INFO - Called method select; execution time 0.01 seconds; result {"status": "True", "message": "{'total': 11, 'list': [<RepairOrder 1>, <RepairOrder 2>, <RepairOrder 3>, <RepairOrder 4>, <RepairOrder 5>, <RepairOrder 6>, <RepairOrder 7>, <RepairOrder 8>, <RepairOrder 9>, <RepairOrder 10>]}"}.
2017-12-23 19:48:00,598 - CarRepairSystem - INFO - Called method select; execution time 0.01 seconds; result {"status": "True", "message": "{'total': 11, 'list': [<RepairOrder 1>, <RepairOrder 2>, <RepairOrder 3>, <RepairOrder 4>, <RepairOrder 5>, <RepairOrder 6>, <RepairOrder 7>, <RepairOrder 8>, <RepairOrder 9>, <RepairOrder 10>]}"}.
2017-12-23 19:48:32,486 - CarRepairSystem - INFO - Called method select; execution time 0.01 seconds; result {"status": "True", "message": "{'total': 11, 'list': [<RepairOrder 1>, <RepairOrder 2>, <RepairOrder 3>, <RepairOrder 4>, <RepairOrder 5>, <RepairOrder 6>, <RepairOrder 7>, <RepairOrder 8>, <RepairOrder 9>, <RepairOrder 10>]}"}.
2017-12-23 19:48:53,551 - CarRepairSystem - INFO - Called method select; execution time 0.01 seconds; result {"status": "True", "message": "{'total': 11, 'list': [<RepairOrder 1>, <RepairOrder 2>, <RepairOrder 3>, <RepairOrder 4>, <RepairOrder 5>, <RepairOrder 6>, <RepairOrder 7>, <RepairOrder 8>, <RepairOrder 9>, <RepairOrder 10>]}"}.
2017-12-23 19:50:07,642 - CarRepairSystem - INFO - Called method select; execution time 0.01 seconds; result {"status": "True", "message": "{'total': 11, 'list': [<RepairOrder 1>, <RepairOrder 2>, <RepairOrder 3>, <RepairOrder 4>, <RepairOrder 5>, <RepairOrder 6>, <RepairOrder 7>, <RepairOrder 8>, <RepairOrder 9>, <RepairOrder 10>]}"}.
2017-12-23 19:50:16,158 - CarRepairSystem - INFO - Called method select; execution time 0.01 seconds; result {"status": "True", "message": "{'total': 11, 'list': [<RepairOrder 1>, <RepairOrder 2>, <RepairOrder 3>, <RepairOrder 4>, <RepairOrder 5>, <RepairOrder 6>, <RepairOrder 7>, <RepairOrder 8>, <RepairOrder 9>, <RepairOrder 10>]}"}.
2017-12-23 19:50:46,720 - CarRepairSystem - INFO - Called method select; execution time 0.01 seconds; result {"status": "True", "message": "{'total': 11, 'list': [<RepairOrder 1>, <RepairOrder 2>, <RepairOrder 3>, <RepairOrder 4>, <RepairOrder 5>, <RepairOrder 6>, <RepairOrder 7>, <RepairOrder 8>, <RepairOrder 9>, <RepairOrder 10>]}"}.
2017-12-23 19:50:54,934 - CarRepairSystem - INFO - Called method select; execution time 0.01 seconds; result {"status": "True", "message": "{'total': 11, 'list': [<RepairOrder 1>, <RepairOrder 2>, <RepairOrder 3>, <RepairOrder 4>, <RepairOrder 5>, <RepairOrder 6>, <RepairOrder 7>, <RepairOrder 8>, <RepairOrder 9>, <RepairOrder 10>]}"}.
2017-12-23 19:52:09,575 - CarRepairSystem - INFO - Called method select; execution time 0.01 seconds; result {"status": "True", "message": "{'total': 11, 'list': [<RepairOrder 1>, <RepairOrder 2>, <RepairOrder 3>, <RepairOrder 4>, <RepairOrder 5>, <RepairOrder 6>, <RepairOrder 7>, <RepairOrder 8>, <RepairOrder 9>, <RepairOrder 10>]}"}.
2017-12-23 19:52:28,845 - CarRepairSystem - INFO - Called method select; execution time 0.01 seconds; result {"status": "True", "message": "{'total': 11, 'list': [<RepairOrder 1>, <RepairOrder 2>, <RepairOrder 3>, <RepairOrder 4>, <RepairOrder 5>, <RepairOrder 6>, <RepairOrder 7>, <RepairOrder 8>, <RepairOrder 9>, <RepairOrder 10>]}"}.
2017-12-23 19:57:04,483 - CarRepairSystem - INFO - Called method select; execution time 0.01 seconds; result {"status": "True", "message": "{'total': 11, 'list': [<RepairOrder 1>, <RepairOrder 2>, <RepairOrder 3>, <RepairOrder 4>, <RepairOrder 5>, <RepairOrder 6>, <RepairOrder 7>, <RepairOrder 8>, <RepairOrder 9>, <RepairOrder 10>]}"}.
2017-12-23 19:58:00,911 - CarRepairSystem - INFO - Called method select; execution time 0.01 seconds; result {"status": "True", "message": "{'total': 11, 'list': [<RepairOrder 1>, <RepairOrder 2>, <RepairOrder 3>, <RepairOrder 4>, <RepairOrder 5>, <RepairOrder 6>, <RepairOrder 7>, <RepairOrder 8>, <RepairOrder 9>, <RepairOrder 10>]}"}.
2017-12-23 20:04:26,724 - CarRepairSystem - INFO - Called method select; execution time 0.01 seconds; result {"status": "True", "message": "{'total': 11, 'list': [<RepairOrder 1>, <RepairOrder 2>, <RepairOrder 3>, <RepairOrder 4>, <RepairOrder 5>, <RepairOrder 6>, <RepairOrder 7>, <RepairOrder 8>, <RepairOrder 9>, <RepairOrder 10>]}"}.
2017-12-23 20:13:26,404 - CarRepairSystem - INFO - Called method select; execution time 0.01 seconds; result {"status": "True", "message": "{'total': 11, 'list': [<RepairOrder 1>, <RepairOrder 2>, <RepairOrder 3>, <RepairOrder 4>, <RepairOrder 5>, <RepairOrder 6>, <RepairOrder 7>, <RepairOrder 8>, <RepairOrder 9>, <RepairOrder 10>]}"}.
2017-12-23 20:15:14,759 - CarRepairSystem - INFO - Called method select; execution time 0.01 seconds; result {"status": "True", "message": "{'total': 11, 'list': [<RepairOrder 1>, <RepairOrder 2>, <RepairOrder 3>, <RepairOrder 4>, <RepairOrder 5>, <RepairOrder 6>, <RepairOrder 7>, <RepairOrder 8>, <RepairOrder 9>, <RepairOrder 10>]}"}.
2017-12-23 20:15:40,828 - CarRepairSystem - INFO - Called method select; execution time 0.01 seconds; result {"status": "True", "message": "{'total': 11, 'list': [<RepairOrder 1>, <RepairOrder 2>, <RepairOrder 3>, <RepairOrder 4>, <RepairOrder 5>, <RepairOrder 6>, <RepairOrder 7>, <RepairOrder 8>, <RepairOrder 9>, <RepairOrder 10>]}"}.
2017-12-23 20:16:51,471 - CarRepairSystem - INFO - Called method select; execution time 0.01 seconds; result {"status": "True", "message": "{'total': 11, 'list': [<RepairOrder 1>, <RepairOrder 2>, <RepairOrder 3>, <RepairOrder 4>, <RepairOrder 5>, <RepairOrder 6>, <RepairOrder 7>, <RepairOrder 8>, <RepairOrder 9>, <RepairOrder 10>]}"}.
2017-12-23 20:17:43,022 - CarRepairSystem - INFO - Called method select; execution time 0.01 seconds; result {"status": "True", "message": "{'total': 11, 'list': [<RepairOrder 1>, <RepairOrder 2>, <RepairOrder 3>, <RepairOrder 4>, <RepairOrder 5>, <RepairOrder 6>, <RepairOrder 7>, <RepairOrder 8>, <RepairOrder 9>, <RepairOrder 10>]}"}.
2017-12-23 20:19:52,257 - CarRepairSystem - INFO - Called method select; execution time 0.01 seconds; result {"status": "True", "message": "{'total': 11, 'list': [<RepairOrder 1>, <RepairOrder 2>, <RepairOrder 3>, <RepairOrder 4>, <RepairOrder 5>, <RepairOrder 6>, <RepairOrder 7>, <RepairOrder 8>, <RepairOrder 9>, <RepairOrder 10>]}"}.
2017-12-23 20:20:37,625 - CarRepairSystem - INFO - Called method select; execution time 0.01 seconds; result {"status": "True", "message": "{'total': 12, 'list': [<RepairProject 1>, <RepairProject 2>, <RepairProject 3>, <RepairProject 4>, <RepairProject 5>, <RepairProject 6>, <RepairProject 7>, <RepairProject 8>, <RepairProject 9>, <RepairProject 10>]}"}.
2017-12-23 20:20:57,371 - CarRepairSystem - INFO - Called method select; execution time 0.01 seconds; result {"status": "True", "message": "{'total': 11, 'list': [<RepairOrder 1>, <RepairOrder 2>, <RepairOrder 3>, <RepairOrder 4>, <RepairOrder 5>, <RepairOrder 6>, <RepairOrder 7>, <RepairOrder 8>, <RepairOrder 9>, <RepairOrder 10>]}"}.
2017-12-23 20:20:59,046 - CarRepairSystem - INFO - Called method select; execution time 0.01 seconds; result {"status": "True", "message": "{'total': 12, 'list': [<RepairProject 1>, <RepairProject 2>, <RepairProject 3>, <RepairProject 4>, <RepairProject 5>, <RepairProject 6>, <RepairProject 7>, <RepairProject 8>, <RepairProject 9>, <RepairProject 10>]}"}.
2017-12-23 20:21:07,648 - CarRepairSystem - INFO - Called method select; execution time 0.01 seconds; result {"status": "True", "message": "{'total': 12, 'list': [<RepairProject 11>, <RepairProject 12>]}"}.
2017-12-23 20:21:09,653 - CarRepairSystem - INFO - Called method select; execution time 0.01 seconds; result {"status": "True", "message": "{'total': 12, 'list': [<RepairProject 1>, <RepairProject 2>, <RepairProject 3>, <RepairProject 4>, <RepairProject 5>, <RepairProject 6>, <RepairProject 7>, <RepairProject 8>, <RepairProject 9>, <RepairProject 10>]}"}.
2017-12-23 20:21:22,107 - CarRepairSystem - INFO - Called method select; execution time 0.01 seconds; result {"status": "True", "message": "{'total': 11, 'list': [<RepairOrder 1>, <RepairOrder 2>, <RepairOrder 3>, <RepairOrder 4>, <RepairOrder 5>, <RepairOrder 6>, <RepairOrder 7>, <RepairOrder 8>, <RepairOrder 9>, <RepairOrder 10>]}"}.
2017-12-23 20:21:23,351 - CarRepairSystem - INFO - Called method select; execution time 0.01 seconds; result {"status": "True", "message": "{'total': 12, 'list': [<RepairProject 1>, <RepairProject 2>, <RepairProject 3>, <RepairProject 4>, <RepairProject 5>, <RepairProject 6>, <RepairProject 7>, <RepairProject 8>, <RepairProject 9>, <RepairProject 10>]}"}.
2017-12-23 20:21:54,243 - CarRepairSystem - INFO - Called method select; execution time 0.01 seconds; result {"status": "True", "message": "{'total': 11, 'list': [<RepairOrder 1>, <RepairOrder 2>, <RepairOrder 3>, <RepairOrder 4>, <RepairOrder 5>, <RepairOrder 6>, <RepairOrder 7>, <RepairOrder 8>, <RepairOrder 9>, <RepairOrder 10>]}"}.
2017-12-23 20:21:56,216 - CarRepairSystem - INFO - Called method select; execution time 0.00 seconds; result {"status": "True", "message": "{'total': 12, 'list': [<RepairProject 1>, <RepairProject 2>, <RepairProject 3>, <RepairProject 4>, <RepairProject 5>, <RepairProject 6>, <RepairProject 7>, <RepairProject 8>, <RepairProject 9>, <RepairProject 10>]}"}.
2017-12-23 20:23:10,634 - CarRepairSystem - INFO - Called method select; execution time 0.01 seconds; result {"status": "True", "message": "{'total': 12, 'list': [<RepairProject 1>, <RepairProject 2>, <RepairProject 3>, <RepairProject 4>, <RepairProject 5>, <RepairProject 6>, <RepairProject 7>, <RepairProject 8>, <RepairProject 9>, <RepairProject 10>]}"}.
2017-12-23 20:23:26,868 - CarRepairSystem - INFO - Called method select; execution time 0.01 seconds; result {"status": "True", "message": "{'total': 12, 'list': [<RepairProject 1>, <RepairProject 2>, <RepairProject 3>, <RepairProject 4>, <RepairProject 5>, <RepairProject 6>, <RepairProject 7>, <RepairProject 8>, <RepairProject 9>, <RepairProject 10>]}"}.
2017-12-23 20:23:34,733 - CarRepairSystem - INFO - Called method select; execution time 0.01 seconds; result {"status": "True", "message": "{'total': 12, 'list': [<RepairProject 1>, <RepairProject 2>, <RepairProject 3>, <RepairProject 4>, <RepairProject 5>, <RepairProject 6>, <RepairProject 7>, <RepairProject 8>, <RepairProject 9>, <RepairProject 10>]}"}.
2017-12-23 20:24:13,210 - CarRepairSystem - INFO - Called method select; execution time 0.01 seconds; result {"status": "True", "message": "{'total': 11, 'list': [<RepairOrder 1>, <RepairOrder 2>, <RepairOrder 3>, <RepairOrder 4>, <RepairOrder 5>, <RepairOrder 6>, <RepairOrder 7>, <RepairOrder 8>, <RepairOrder 9>, <RepairOrder 10>]}"}.
2017-12-23 20:24:16,405 - CarRepairSystem - INFO - Called method select; execution time 0.01 seconds; result {"status": "True", "message": "{'total': 11, 'list': [<RepairOrder 1>, <RepairOrder 2>, <RepairOrder 3>, <RepairOrder 4>, <RepairOrder 5>, <RepairOrder 6>, <RepairOrder 7>, <RepairOrder 8>, <RepairOrder 9>, <RepairOrder 10>]}"}.
2017-12-23 20:24:18,500 - CarRepairSystem - INFO - Called method select; execution time 0.01 seconds; result {"status": "True", "message": "{'total': 12, 'list': [<RepairProject 1>, <RepairProject 2>, <RepairProject 3>, <RepairProject 4>, <RepairProject 5>, <RepairProject 6>, <RepairProject 7>, <RepairProject 8>, <RepairProject 9>, <RepairProject 10>]}"}.
2017-12-23 20:26:17,743 - CarRepairSystem - INFO - Called method select; execution time 0.01 seconds; result {"status": "True", "message": "{'total': 11, 'list': [<RepairOrder 1>, <RepairOrder 2>, <RepairOrder 3>, <RepairOrder 4>, <RepairOrder 5>, <RepairOrder 6>, <RepairOrder 7>, <RepairOrder 8>, <RepairOrder 9>, <RepairOrder 10>]}"}.
2017-12-23 20:26:19,108 - CarRepairSystem - INFO - Called method select; execution time 0.01 seconds; result {"status": "True", "message": "{'total': 12, 'list': [<RepairProject 1>, <RepairProject 2>, <RepairProject 3>, <RepairProject 4>, <RepairProject 5>, <RepairProject 6>, <RepairProject 7>, <RepairProject 8>, <RepairProject 9>, <RepairProject 10>]}"}.
2017-12-23 20:26:42,454 - CarRepairSystem - INFO - Called method select; execution time 0.01 seconds; result {"status": "True", "message": "{'total': 11, 'list': [<RepairOrder 1>, <RepairOrder 2>, <RepairOrder 3>, <RepairOrder 4>, <RepairOrder 5>, <RepairOrder 6>, <RepairOrder 7>, <RepairOrder 8>, <RepairOrder 9>, <RepairOrder 10>]}"}.
2017-12-23 20:26:44,865 - CarRepairSystem - INFO - Called method select; execution time 0.01 seconds; result {"status": "True", "message": "{'total': 11, 'list': [<RepairOrder 1>, <RepairOrder 2>, <RepairOrder 3>, <RepairOrder 4>, <RepairOrder 5>, <RepairOrder 6>, <RepairOrder 7>, <RepairOrder 8>, <RepairOrder 9>, <RepairOrder 10>]}"}.
2017-12-23 20:26:45,789 - CarRepairSystem - INFO - Called method select; execution time 0.01 seconds; result {"status": "True", "message": "{'total': 12, 'list': [<RepairProject 1>, <RepairProject 2>, <RepairProject 3>, <RepairProject 4>, <RepairProject 5>, <RepairProject 6>, <RepairProject 7>, <RepairProject 8>, <RepairProject 9>, <RepairProject 10>]}"}.
2017-12-23 20:26:56,665 - CarRepairSystem - INFO - Called method select; execution time 0.01 seconds; result {"status": "True", "message": "{'total': 11, 'list': [<RepairOrder 1>, <RepairOrder 2>, <RepairOrder 3>, <RepairOrder 4>, <RepairOrder 5>, <RepairOrder 6>, <RepairOrder 7>, <RepairOrder 8>, <RepairOrder 9>, <RepairOrder 10>]}"}.
2017-12-23 20:26:57,826 - CarRepairSystem - INFO - Called method select; execution time 0.01 seconds; result {"status": "True", "message": "{'total': 12, 'list': [<RepairProject 1>, <RepairProject 2>, <RepairProject 3>, <RepairProject 4>, <RepairProject 5>, <RepairProject 6>, <RepairProject 7>, <RepairProject 8>, <RepairProject 9>, <RepairProject 10>]}"}.
2017-12-23 20:27:10,908 - CarRepairSystem - INFO - Called method select; execution time 0.01 seconds; result {"status": "True", "message": "{'total': 11, 'list': [<RepairOrder 1>, <RepairOrder 2>, <RepairOrder 3>, <RepairOrder 4>, <RepairOrder 5>, <RepairOrder 6>, <RepairOrder 7>, <RepairOrder 8>, <RepairOrder 9>, <RepairOrder 10>]}"}.
2017-12-23 20:27:11,996 - CarRepairSystem - INFO - Called method select; execution time 0.01 seconds; result {"status": "True", "message": "{'total': 12, 'list': [<RepairProject 1>, <RepairProject 2>, <RepairProject 3>, <RepairProject 4>, <RepairProject 5>, <RepairProject 6>, <RepairProject 7>, <RepairProject 8>, <RepairProject 9>, <RepairProject 10>]}"}.
2017-12-23 20:27:21,368 - CarRepairSystem - INFO - Called method select; execution time 0.01 seconds; result {"status": "True", "message": "{'total': 11, 'list': [<RepairOrder 1>, <RepairOrder 2>, <RepairOrder 3>, <RepairOrder 4>, <RepairOrder 5>, <RepairOrder 6>, <RepairOrder 7>, <RepairOrder 8>, <RepairOrder 9>, <RepairOrder 10>]}"}.
2017-12-23 20:27:22,516 - CarRepairSystem - INFO - Called method select; execution time 0.00 seconds; result {"status": "True", "message": "{'total': 12, 'list': [<RepairProject 1>, <RepairProject 2>, <RepairProject 3>, <RepairProject 4>, <RepairProject 5>, <RepairProject 6>, <RepairProject 7>, <RepairProject 8>, <RepairProject 9>, <RepairProject 10>]}"}.
2017-12-23 20:27:26,857 - CarRepairSystem - INFO - Called method select; execution time 0.01 seconds; result {"status": "True", "message": "{'total': 12, 'list': [<RepairProject 11>, <RepairProject 12>]}"}.
2017-12-23 20:27:28,286 - CarRepairSystem - INFO - Called method select; execution time 0.01 seconds; result {"status": "True", "message": "{'total': 12, 'list': [<RepairProject 1>, <RepairProject 2>, <RepairProject 3>, <RepairProject 4>, <RepairProject 5>, <RepairProject 6>, <RepairProject 7>, <RepairProject 8>, <RepairProject 9>, <RepairProject 10>]}"}.
2017-12-23 20:27:32,653 - CarRepairSystem - INFO - Called method select; execution time 0.01 seconds; result {"status": "True", "message": "{'total': 12, 'list': [<RepairProject 1>, <RepairProject 2>, <RepairProject 3>, <RepairProject 4>, <RepairProject 5>, <RepairProject 6>, <RepairProject 7>, <RepairProject 8>, <RepairProject 9>, <RepairProject 10>]}"}.
2017-12-23 20:44:16,604 - CarRepairSystem - INFO - Called method select; execution time 0.02 seconds; result {"status": "True", "message": "{'total': 11, 'list': [<RepairOrder 1>, <RepairOrder 2>, <RepairOrder 3>, <RepairOrder 4>, <RepairOrder 5>, <RepairOrder 6>, <RepairOrder 7>, <RepairOrder 8>, <RepairOrder 9>, <RepairOrder 10>]}"}.
2017-12-23 20:44:24,792 - CarRepairSystem - INFO - Called method select; execution time 0.01 seconds; result {"status": "True", "message": "{'total': 11, 'list': [<Car 1>, <Car 2>, <Car 3>, <Car 4>, <Car 5>, <Car 6>, <Car 7>, <Car 8>, <Car 9>, <Car 10>]}"}.
2017-12-23 20:47:38,665 - CarRepairSystem - INFO - Called method select; execution time 0.02 seconds; result {"status": "True", "message": "{'total': 11, 'list': [<RepairOrder 1>, <RepairOrder 2>, <RepairOrder 3>, <RepairOrder 4>, <RepairOrder 5>, <RepairOrder 6>, <RepairOrder 7>, <RepairOrder 8>, <RepairOrder 9>, <RepairOrder 10>]}"}.
2017-12-23 20:47:39,744 - CarRepairSystem - INFO - Called method select; execution time 0.01 seconds; result {"status": "True", "message": "{'total': 11, 'list': [<Car 1>, <Car 2>, <Car 3>, <Car 4>, <Car 5>, <Car 6>, <Car 7>, <Car 8>, <Car 9>, <Car 10>]}"}.
2017-12-23 20:49:38,078 - CarRepairSystem - INFO - Called method select_by_id; execution time 0.00 seconds; result {"status": "True", "message": "<Car 1>"}.
2017-12-23 20:49:52,694 - CarRepairSystem - INFO - Called method select; execution time 0.01 seconds; result {"status": "True", "message": "{'total': 11, 'list': [<RepairOrder 1>, <RepairOrder 2>, <RepairOrder 3>, <RepairOrder 4>, <RepairOrder 5>, <RepairOrder 6>, <RepairOrder 7>, <RepairOrder 8>, <RepairOrder 9>, <RepairOrder 10>]}"}.
2017-12-23 20:49:56,509 - CarRepairSystem - INFO - Called method select_by_id; execution time 0.01 seconds; result {"status": "True", "message": "<Car 1>"}.
2017-12-23 20:50:08,293 - CarRepairSystem - INFO - Called method select_by_id; execution time 0.00 seconds; result {"status": "True", "message": "<Car 1>"}.
2017-12-23 20:50:39,812 - CarRepairSystem - INFO - Called method select; execution time 0.01 seconds; result {"status": "True", "message": "{'total': 11, 'list': [<RepairOrder 1>, <RepairOrder 2>, <RepairOrder 3>, <RepairOrder 4>, <RepairOrder 5>, <RepairOrder 6>, <RepairOrder 7>, <RepairOrder 8>, <RepairOrder 9>, <RepairOrder 10>]}"}.
2017-12-23 20:50:40,831 - CarRepairSystem - INFO - Called method select; execution time 0.01 seconds; result {"status": "True", "message": "{'total': 12, 'list': [<RepairProject 1>, <RepairProject 2>, <RepairProject 3>, <RepairProject 4>, <RepairProject 5>, <RepairProject 6>, <RepairProject 7>, <RepairProject 8>, <RepairProject 9>, <RepairProject 10>]}"}.
2017-12-23 20:50:55,888 - CarRepairSystem - INFO - Called method select; execution time 0.01 seconds; result {"status": "True", "message": "{'total': 11, 'list': [<RepairOrder 1>, <RepairOrder 2>, <RepairOrder 3>, <RepairOrder 4>, <RepairOrder 5>, <RepairOrder 6>, <RepairOrder 7>, <RepairOrder 8>, <RepairOrder 9>, <RepairOrder 10>]}"}.
2017-12-23 20:50:56,882 - CarRepairSystem - INFO - Called method select_by_id; execution time 0.00 seconds; result {"status": "True", "message": "<Car 1>"}.
2017-12-23 20:51:05,963 - CarRepairSystem - INFO - Called method select_by_id; execution time 0.00 seconds; result {"status": "True", "message": "<Car 1>"}.
2017-12-23 20:51:10,163 - CarRepairSystem - INFO - Called method select_by_id; execution time 0.00 seconds; result {"status": "True", "message": "<Car 1>"}.
2017-12-23 20:58:10,698 - CarRepairSystem - INFO - Called method select; execution time 0.02 seconds; result {"status": "True", "message": "{'total': 11, 'list': [<RepairOrder 1>, <RepairOrder 2>, <RepairOrder 3>, <RepairOrder 4>, <RepairOrder 5>, <RepairOrder 6>, <RepairOrder 7>, <RepairOrder 8>, <RepairOrder 9>, <RepairOrder 10>]}"}.
2017-12-23 20:58:14,128 - CarRepairSystem - INFO - Called method select_by_id; execution time 0.01 seconds; result {"status": "True", "message": "<Car 1>"}.
2017-12-23 20:58:21,565 - CarRepairSystem - INFO - Called method select; execution time 0.01 seconds; result {"status": "True", "message": "{'total': 1, 'list': [<CarOwner 1>]}"}.
2017-12-23 20:58:51,311 - CarRepairSystem - INFO - Called method select; execution time 0.01 seconds; result {"status": "True", "message": "{'total': 11, 'list': [<RepairOrder 11>]}"}.
2017-12-23 20:58:55,589 - CarRepairSystem - INFO - Called method select_by_id; execution time 0.00 seconds; result {"status": "True", "message": "<Car 1>"}.
2017-12-23 20:58:58,290 - CarRepairSystem - INFO - Called method select; execution time 0.01 seconds; result {"status": "True", "message": "{'total': 1, 'list': [<CarOwner 1>]}"}.
2017-12-23 20:59:21,164 - CarRepairSystem - INFO - Called method select; execution time 0.02 seconds; result {"status": "True", "message": "{'total': 11, 'list': [<RepairOrder 1>, <RepairOrder 2>, <RepairOrder 3>, <RepairOrder 4>, <RepairOrder 5>, <RepairOrder 6>, <RepairOrder 7>, <RepairOrder 8>, <RepairOrder 9>, <RepairOrder 10>]}"}.
2017-12-23 20:59:26,295 - CarRepairSystem - INFO - Called method select_by_id; execution time 0.00 seconds; result {"status": "True", "message": "<Car 1>"}.
2017-12-23 20:59:31,002 - CarRepairSystem - INFO - Called method select; execution time 0.01 seconds; result {"status": "True", "message": "{'total': 1, 'list': [<CarOwner 1>]}"}.
2017-12-23 21:08:54,947 - CarRepairSystem - INFO - Called method select; execution time 0.02 seconds; result {"status": "True", "message": "{'total': 11, 'list': [<RepairOrder 1>, <RepairOrder 2>, <RepairOrder 3>, <RepairOrder 4>, <RepairOrder 5>, <RepairOrder 6>, <RepairOrder 7>, <RepairOrder 8>, <RepairOrder 9>, <RepairOrder 10>]}"}.
2017-12-23 21:09:16,956 - CarRepairSystem - INFO - Called method select; execution time 0.01 seconds; result {"status": "True", "message": "{'total': 11, 'list': [<RepairOrder 1>, <RepairOrder 2>, <RepairOrder 3>, <RepairOrder 4>, <RepairOrder 5>, <RepairOrder 6>, <RepairOrder 7>, <RepairOrder 8>, <RepairOrder 9>, <RepairOrder 10>]}"}.
2017-12-23 21:09:18,415 - CarRepairSystem - INFO - Called method select_by_id; execution time 0.01 seconds; result {"status": "True", "message": "<Car 1>"}.
2017-12-23 21:09:19,821 - CarRepairSystem - INFO - Called method select_by_id; execution time 0.00 seconds; result {"status": "True", "message": "<RepairOrder 1>"}.
2017-12-23 21:09:49,339 - CarRepairSystem - INFO - Called method select_by_id; execution time 0.00 seconds; result {"status": "True", "message": "<RepairOrder 1>"}.
2017-12-23 21:10:15,391 - CarRepairSystem - INFO - Called method select_by_id; execution time 0.00 seconds; result {"status": "True", "message": "<RepairOrder 1>"}.
2017-12-23 21:12:10,463 - CarRepairSystem - INFO - Called method select_by_id; execution time 0.00 seconds; result {"status": "True", "message": "<RepairOrder 1>"}.
2017-12-23 21:12:41,648 - CarRepairSystem - INFO - Called method select_by_id; execution time 0.00 seconds; result {"status": "True", "message": "<RepairOrder 1>"}.
2017-12-23 21:13:58,296 - CarRepairSystem - INFO - Called method select_by_id; execution time 0.01 seconds; result {"status": "True", "message": "<CarOwner 1>"}.
2017-12-23 21:19:55,815 - CarRepairSystem - INFO - Called method select_by_id; execution time 0.01 seconds; result {"status": "True", "message": "<Car 1>"}.
2017-12-23 21:19:57,104 - CarRepairSystem - INFO - Called method select_by_id; execution time 0.00 seconds; result {"status": "True", "message": "<CarOwner 1>"}.
2017-12-23 21:20:05,242 - CarRepairSystem - INFO - Called method select_by_id; execution time 0.00 seconds; result {"status": "True", "message": "<Car 1>"}.
2017-12-23 21:20:10,694 - CarRepairSystem - INFO - Called method select_by_id; execution time 0.01 seconds; result {"status": "True", "message": "<Car 1>"}.
2017-12-23 21:20:13,039 - CarRepairSystem - INFO - Called method select_by_id; execution time 0.01 seconds; result {"status": "True", "message": "<Car 1>"}.
2017-12-23 21:21:24,052 - CarRepairSystem - INFO - Called method select_by_id; execution time 0.00 seconds; result {"status": "True", "message": "<Car 1>"}.
2017-12-23 21:22:14,197 - CarRepairSystem - INFO - Called method select; execution time 0.01 seconds; result {"status": "True", "message": "{'total': 11, 'list': [<RepairOrder 1>, <RepairOrder 2>, <RepairOrder 3>, <RepairOrder 4>, <RepairOrder 5>, <RepairOrder 6>, <RepairOrder 7>, <RepairOrder 8>, <RepairOrder 9>, <RepairOrder 10>]}"}.
2017-12-23 21:22:15,802 - CarRepairSystem - INFO - Called method select; execution time 0.01 seconds; result {"status": "True", "message": "{'total': 12, 'list': [<RepairProject 1>, <RepairProject 2>, <RepairProject 3>, <RepairProject 4>, <RepairProject 5>, <RepairProject 6>, <RepairProject 7>, <RepairProject 8>, <RepairProject 9>, <RepairProject 10>]}"}.
2017-12-23 21:22:18,319 - CarRepairSystem - INFO - Called method select; execution time 0.01 seconds; result {"status": "True", "message": "{'total': 12, 'list': [<RepairProject 1>, <RepairProject 2>, <RepairProject 3>, <RepairProject 4>, <RepairProject 5>, <RepairProject 6>, <RepairProject 7>, <RepairProject 8>, <RepairProject 9>, <RepairProject 10>]}"}.
2017-12-23 21:26:01,792 - CarRepairSystem - INFO - Called method select; execution time 0.01 seconds; result {"status": "True", "message": "{'total': 11, 'list': [<RepairOrder 1>, <RepairOrder 2>, <RepairOrder 3>, <RepairOrder 4>, <RepairOrder 5>, <RepairOrder 6>, <RepairOrder 7>, <RepairOrder 8>, <RepairOrder 9>, <RepairOrder 10>]}"}.
2017-12-23 21:26:03,875 - CarRepairSystem - INFO - Called method select; execution time 0.01 seconds; result {"status": "True", "message": "{'total': 12, 'list': [<RepairProject 1>, <RepairProject 2>, <RepairProject 3>, <RepairProject 4>, <RepairProject 5>, <RepairProject 6>, <RepairProject 7>, <RepairProject 8>, <RepairProject 9>, <RepairProject 10>]}"}.
2017-12-23 21:28:51,707 - CarRepairSystem - INFO - Called method select; execution time 0.01 seconds; result {"status": "True", "message": "{'total': 11, 'list': [<RepairOrder 1>, <RepairOrder 2>, <RepairOrder 3>, <RepairOrder 4>, <RepairOrder 5>, <RepairOrder 6>, <RepairOrder 7>, <RepairOrder 8>, <RepairOrder 9>, <RepairOrder 10>]}"}.
2017-12-23 21:30:10,917 - CarRepairSystem - INFO - Called method select; execution time 0.01 seconds; result {"status": "True", "message": "{'total': 11, 'list': [<RepairOrder 1>, <RepairOrder 2>, <RepairOrder 3>, <RepairOrder 4>, <RepairOrder 5>, <RepairOrder 6>, <RepairOrder 7>, <RepairOrder 8>, <RepairOrder 9>, <RepairOrder 10>]}"}.
2017-12-23 21:30:56,240 - CarRepairSystem - INFO - Called method select; execution time 0.01 seconds; result {"status": "True", "message": "{'total': 11, 'list': [<RepairOrder 1>, <RepairOrder 2>, <RepairOrder 3>, <RepairOrder 4>, <RepairOrder 5>, <RepairOrder 6>, <RepairOrder 7>, <RepairOrder 8>, <RepairOrder 9>, <RepairOrder 10>]}"}.
2017-12-23 21:30:57,194 - CarRepairSystem - INFO - Called method select; execution time 0.01 seconds; result {"status": "True", "message": "{'total': 11, 'list': [<RepairOrder 1>, <RepairOrder 2>, <RepairOrder 3>, <RepairOrder 4>, <RepairOrder 5>, <RepairOrder 6>, <RepairOrder 7>, <RepairOrder 8>, <RepairOrder 9>, <RepairOrder 10>]}"}.
2017-12-23 21:31:04,941 - CarRepairSystem - INFO - Called method select; execution time 0.01 seconds; result {"status": "True", "message": "{'total': 12, 'list': [<RepairProject 1>, <RepairProject 2>, <RepairProject 3>, <RepairProject 4>, <RepairProject 5>, <RepairProject 6>, <RepairProject 7>, <RepairProject 8>, <RepairProject 9>, <RepairProject 10>]}"}.
2017-12-23 21:33:25,174 - CarRepairSystem - INFO - Called method select; execution time 0.01 seconds; result {"status": "True", "message": "{'total': 11, 'list': [<RepairOrder 1>, <RepairOrder 2>, <RepairOrder 3>, <RepairOrder 4>, <RepairOrder 5>, <RepairOrder 6>, <RepairOrder 7>, <RepairOrder 8>, <RepairOrder 9>, <RepairOrder 10>]}"}.
2017-12-23 21:33:34,223 - CarRepairSystem - INFO - Called method select; execution time 0.01 seconds; result {"status": "True", "message": "{'total': 11, 'list': [<RepairOrder 1>, <RepairOrder 2>, <RepairOrder 3>, <RepairOrder 4>, <RepairOrder 5>, <RepairOrder 6>, <RepairOrder 7>, <RepairOrder 8>, <RepairOrder 9>, <RepairOrder 10>]}"}.
2017-12-23 21:33:35,582 - CarRepairSystem - INFO - Called method select; execution time 0.01 seconds; result {"status": "True", "message": "{'total': 12, 'list': [<RepairProject 1>, <RepairProject 2>, <RepairProject 3>, <RepairProject 4>, <RepairProject 5>, <RepairProject 6>, <RepairProject 7>, <RepairProject 8>, <RepairProject 9>, <RepairProject 10>]}"}.
2017-12-23 21:33:39,049 - CarRepairSystem - INFO - Called method select; execution time 0.01 seconds; result {"status": "True", "message": "{'total': 12, 'list': [<RepairProject 1>, <RepairProject 2>, <RepairProject 3>, <RepairProject 4>, <RepairProject 5>, <RepairProject 6>, <RepairProject 7>, <RepairProject 8>, <RepairProject 9>, <RepairProject 10>]}"}.
2017-12-23 21:34:11,562 - CarRepairSystem - INFO - Called method select; execution time 0.01 seconds; result {"status": "True", "message": "{'total': 11, 'list': [<RepairOrder 1>, <RepairOrder 2>, <RepairOrder 3>, <RepairOrder 4>, <RepairOrder 5>, <RepairOrder 6>, <RepairOrder 7>, <RepairOrder 8>, <RepairOrder 9>, <RepairOrder 10>]}"}.
2017-12-23 21:34:12,380 - CarRepairSystem - INFO - Called method select; execution time 0.01 seconds; result {"status": "True", "message": "{'total': 12, 'list': [<RepairProject 1>, <RepairProject 2>, <RepairProject 3>, <RepairProject 4>, <RepairProject 5>, <RepairProject 6>, <RepairProject 7>, <RepairProject 8>, <RepairProject 9>, <RepairProject 10>]}"}.
2017-12-23 21:34:15,614 - CarRepairSystem - INFO - Called method select_by_id; execution time 0.01 seconds; result {"status": "True", "message": "<Car 1>"}.
2017-12-23 21:34:17,937 - CarRepairSystem - INFO - Called method select; execution time 0.01 seconds; result {"status": "True", "message": "{'total': 12, 'list': [<RepairProject 1>, <RepairProject 2>, <RepairProject 3>, <RepairProject 4>, <RepairProject 5>, <RepairProject 6>, <RepairProject 7>, <RepairProject 8>, <RepairProject 9>, <RepairProject 10>]}"}.
2017-12-23 21:34:20,283 - CarRepairSystem - INFO - Called method select; execution time 0.01 seconds; result {"status": "True", "message": "{'total': 0, 'list': []}"}.
2017-12-23 21:34:23,318 - CarRepairSystem - INFO - Called method select; execution time 0.01 seconds; result {"status": "True", "message": "{'total': 0, 'list': []}"}.
2017-12-23 21:40:06,414 - CarRepairSystem - INFO - Called method select; execution time 0.01 seconds; result {"status": "True", "message": "{'total': 11, 'list': [<RepairOrder 1>, <RepairOrder 2>, <RepairOrder 3>, <RepairOrder 4>, <RepairOrder 5>, <RepairOrder 6>, <RepairOrder 7>, <RepairOrder 8>, <RepairOrder 9>, <RepairOrder 10>]}"}.
2017-12-23 21:40:07,786 - CarRepairSystem - INFO - Called method select; execution time 0.01 seconds; result {"status": "True", "message": "{'total': 12, 'list': [<RepairProject 1>, <RepairProject 2>, <RepairProject 3>, <RepairProject 4>, <RepairProject 5>, <RepairProject 6>, <RepairProject 7>, <RepairProject 8>, <RepairProject 9>, <RepairProject 10>]}"}.
2017-12-23 21:40:10,644 - CarRepairSystem - INFO - Called method select; execution time 0.00 seconds; result {"status": "True", "message": "{'total': 0, 'list': []}"}.
2017-12-23 21:40:12,552 - CarRepairSystem - INFO - Called method select_by_id; execution time 0.01 seconds; result {"status": "True", "message": "<Car 1>"}.
2017-12-23 21:40:14,378 - CarRepairSystem - INFO - Called method select_by_id; execution time 0.00 seconds; result {"status": "True", "message": "<Car 1>"}.
2017-12-23 21:42:23,046 - CarRepairSystem - INFO - Called method select; execution time 0.01 seconds; result {"status": "True", "message": "{'total': 1, 'list': [<RepairMaterial 1>]}"}.
2017-12-23 21:43:20,249 - CarRepairSystem - INFO - Called method select; execution time 0.01 seconds; result {"status": "True", "message": "{'total': 11, 'list': [<RepairOrder 1>, <RepairOrder 2>, <RepairOrder 3>, <RepairOrder 4>, <RepairOrder 5>, <RepairOrder 6>, <RepairOrder 7>, <RepairOrder 8>, <RepairOrder 9>, <RepairOrder 10>]}"}.
2017-12-23 21:43:20,433 - CarRepairSystem - INFO - Called method select; execution time 0.01 seconds; result {"status": "True", "message": "{'total': 11, 'list': [<RepairOrder 1>, <RepairOrder 2>, <RepairOrder 3>, <RepairOrder 4>, <RepairOrder 5>, <RepairOrder 6>, <RepairOrder 7>, <RepairOrder 8>, <RepairOrder 9>, <RepairOrder 10>]}"}.
2017-12-23 21:43:21,816 - CarRepairSystem - INFO - Called method select_by_id; execution time 0.00 seconds; result {"status": "True", "message": "<Car 1>"}.
2017-12-23 21:43:23,654 - CarRepairSystem - INFO - Called method select_by_id; execution time 0.00 seconds; result {"status": "True", "message": "<CarOwner 1>"}.
2017-12-23 21:43:27,851 - CarRepairSystem - INFO - Called method select; execution time 0.01 seconds; result {"status": "True", "message": "{'total': 12, 'list': [<RepairProject 1>, <RepairProject 2>, <RepairProject 3>, <RepairProject 4>, <RepairProject 5>, <RepairProject 6>, <RepairProject 7>, <RepairProject 8>, <RepairProject 9>, <RepairProject 10>]}"}.
2017-12-23 21:43:30,084 - CarRepairSystem - INFO - Called method select; execution time 0.01 seconds; result {"status": "True", "message": "{'total': 0, 'list': []}"}.
2017-12-23 21:43:42,700 - CarRepairSystem - INFO - Called method select; execution time 0.03 seconds; result {"status": "True", "message": "{'total': 11, 'list': [<RepairOrder 11>]}"}.
2017-12-23 21:43:43,651 - CarRepairSystem - INFO - Called method select; execution time 0.01 seconds; result {"status": "True", "message": "{'total': 0, 'list': []}"}.
2017-12-23 21:43:46,132 - CarRepairSystem - INFO - Called method select; execution time 0.01 seconds; result {"status": "True", "message": "{'total': 11, 'list': [<RepairOrder 1>, <RepairOrder 2>, <RepairOrder 3>, <RepairOrder 4>, <RepairOrder 5>, <RepairOrder 6>, <RepairOrder 7>, <RepairOrder 8>, <RepairOrder 9>, <RepairOrder 10>]}"}.
2017-12-23 21:43:49,897 - CarRepairSystem - INFO - Called method select; execution time 0.01 seconds; result {"status": "True", "message": "{'total': 12, 'list': [<RepairProject 1>, <RepairProject 2>, <RepairProject 3>, <RepairProject 4>, <RepairProject 5>, <RepairProject 6>, <RepairProject 7>, <RepairProject 8>, <RepairProject 9>, <RepairProject 10>]}"}.
2017-12-23 21:43:53,427 - CarRepairSystem - INFO - Called method select_by_id; execution time 0.01 seconds; result {"status": "True", "message": "None"}.
2017-12-23 21:44:23,055 - CarRepairSystem - INFO - Called method select; execution time 0.00 seconds; result {"status": "True", "message": "{'total': 1, 'list': [<RepairMaterial 1>]}"}.
2017-12-23 21:45:20,990 - CarRepairSystem - INFO - Called method select; execution time 0.01 seconds; result {"status": "True", "message": "{'total': 11, 'list': [<RepairOrder 1>, <RepairOrder 2>, <RepairOrder 3>, <RepairOrder 4>, <RepairOrder 5>, <RepairOrder 6>, <RepairOrder 7>, <RepairOrder 8>, <RepairOrder 9>, <RepairOrder 10>]}"}.
2017-12-23 21:45:23,094 - CarRepairSystem - INFO - Called method select; execution time 0.01 seconds; result {"status": "True", "message": "{'total': 12, 'list': [<RepairProject 1>, <RepairProject 2>, <RepairProject 3>, <RepairProject 4>, <RepairProject 5>, <RepairProject 6>, <RepairProject 7>, <RepairProject 8>, <RepairProject 9>, <RepairProject 10>]}"}.
2017-12-23 21:45:25,460 - CarRepairSystem - INFO - Called method select_by_id; execution time 0.00 seconds; result {"status": "True", "message": "None"}.
2017-12-23 21:45:55,599 - CarRepairSystem - INFO - Called method select; execution time 0.01 seconds; result {"status": "True", "message": "{'total': 11, 'list': [<RepairOrder 1>, <RepairOrder 2>, <RepairOrder 3>, <RepairOrder 4>, <RepairOrder 5>, <RepairOrder 6>, <RepairOrder 7>, <RepairOrder 8>, <RepairOrder 9>, <RepairOrder 10>]}"}.
2017-12-23 21:46:10,382 - CarRepairSystem - INFO - Called method select; execution time 0.01 seconds; result {"status": "True", "message": "{'total': 0, 'list': []}"}.
2017-12-23 21:46:13,878 - CarRepairSystem - INFO - Called method select; execution time 0.01 seconds; result {"status": "True", "message": "{'total': 0, 'list': []}"}.
2017-12-23 21:46:16,187 - CarRepairSystem - INFO - Called method select; execution time 0.00 seconds; result {"status": "True", "message": "{'total': 12, 'list': [<RepairProject 1>, <RepairProject 2>, <RepairProject 3>, <RepairProject 4>, <RepairProject 5>, <RepairProject 6>, <RepairProject 7>, <RepairProject 8>, <RepairProject 9>, <RepairProject 10>]}"}.
2017-12-23 21:46:18,095 - CarRepairSystem - INFO - Called method select_by_id; execution time 0.00 seconds; result {"status": "True", "message": "None"}.
2017-12-23 21:47:02,203 - CarRepairSystem - INFO - Called method select_by_id; execution time 0.00 seconds; result {"status": "True", "message": "None"}.
2017-12-23 21:48:41,131 - CarRepairSystem - INFO - Called method select_by_id; execution time 0.01 seconds; result {"status": "True", "message": "<RepairMaterial 1>"}.
2017-12-23 21:48:52,167 - CarRepairSystem - INFO - Called method select_by_id; execution time 0.01 seconds; result {"status": "True", "message": "<Car 1>"}.
2017-12-23 21:48:54,051 - CarRepairSystem - INFO - Called method select_by_id; execution time 0.00 seconds; result {"status": "True", "message": "<CarOwner 1>"}.
2017-12-23 21:49:17,773 - CarRepairSystem - INFO - Called method select_by_id; execution time 0.00 seconds; result {"status": "True", "message": "<Car 1>"}.
2017-12-23 21:49:19,855 - CarRepairSystem - INFO - Called method select; execution time 0.01 seconds; result {"status": "True", "message": "{'total': 12, 'list': [<RepairProject 1>, <RepairProject 2>, <RepairProject 3>, <RepairProject 4>, <RepairProject 5>, <RepairProject 6>, <RepairProject 7>, <RepairProject 8>, <RepairProject 9>, <RepairProject 10>]}"}.
2017-12-23 21:49:23,884 - CarRepairSystem - INFO - Called method select_by_id; execution time 0.00 seconds; result {"status": "True", "message": "<RepairMaterial 1>"}.
2017-12-23 21:49:29,608 - CarRepairSystem - INFO - Called method select; execution time 0.01 seconds; result {"status": "True", "message": "{'total': 12, 'list': [<RepairProject 11>, <RepairProject 12>]}"}.
2017-12-23 21:49:30,921 - CarRepairSystem - INFO - Called method select_by_id; execution time 0.00 seconds; result {"status": "True", "message": "<RepairMaterial 1>"}.
2017-12-23 22:00:19,301 - CarRepairSystem - INFO - Called method select; execution time 0.02 seconds; result {"status": "True", "message": "{'total': 11, 'list': [<RepairOrder 11>, <RepairOrder 10>, <RepairOrder 9>, <RepairOrder 8>, <RepairOrder 7>, <RepairOrder 6>, <RepairOrder 5>, <RepairOrder 4>, <RepairOrder 3>, <RepairOrder 2>]}"}.
2017-12-23 22:00:23,724 - CarRepairSystem - INFO - Called method select; execution time 0.01 seconds; result {"status": "True", "message": "{'total': 11, 'list': [<RepairOrder 1>]}"}.
2017-12-23 22:00:26,288 - CarRepairSystem - INFO - Called method select; execution time 0.01 seconds; result {"status": "True", "message": "{'total': 12, 'list': [<RepairProject 12>, <RepairProject 11>, <RepairProject 10>, <RepairProject 9>, <RepairProject 8>, <RepairProject 7>, <RepairProject 6>, <RepairProject 5>, <RepairProject 4>, <RepairProject 3>]}"}.
2017-12-23 22:00:31,951 - CarRepairSystem - INFO - Called method select_by_id; execution time 0.00 seconds; result {"status": "True", "message": "<RepairMaterial 1>"}.
2017-12-23 22:00:37,703 - CarRepairSystem - INFO - Called method select_by_id; execution time 0.00 seconds; result {"status": "True", "message": "<Car 1>"}.
2017-12-23 22:00:39,012 - CarRepairSystem - INFO - Called method select_by_id; execution time 0.01 seconds; result {"status": "True", "message": "<CarOwner 1>"}.
2017-12-23 22:01:27,006 - CarRepairSystem - INFO - Called method select; execution time 0.01 seconds; result {"status": "True", "message": "{'total': 11, 'list': [<RepairOrder 11>, <RepairOrder 10>, <RepairOrder 9>, <RepairOrder 8>, <RepairOrder 7>, <RepairOrder 6>, <RepairOrder 5>, <RepairOrder 4>, <RepairOrder 3>, <RepairOrder 2>]}"}.
2017-12-23 22:01:55,707 - CarRepairSystem - INFO - Called method select; execution time 0.01 seconds; result {"status": "True", "message": "{'total': 0, 'list': []}"}.
2017-12-23 22:01:59,278 - CarRepairSystem - INFO - Called method select; execution time 0.01 seconds; result {"status": "True", "message": "{'total': 11, 'list': [<RepairOrder 1>]}"}.
2017-12-23 22:02:00,348 - CarRepairSystem - INFO - Called method select; execution time 0.01 seconds; result {"status": "True", "message": "{'total': 12, 'list': [<RepairProject 12>, <RepairProject 11>, <RepairProject 10>, <RepairProject 9>, <RepairProject 8>, <RepairProject 7>, <RepairProject 6>, <RepairProject 5>, <RepairProject 4>, <RepairProject 3>]}"}.
2017-12-23 22:02:03,322 - CarRepairSystem - INFO - Called method select; execution time 0.01 seconds; result {"status": "True", "message": "{'total': 11, 'list': [<RepairOrder 11>, <RepairOrder 10>, <RepairOrder 9>, <RepairOrder 8>, <RepairOrder 7>, <RepairOrder 6>, <RepairOrder 5>, <RepairOrder 4>, <RepairOrder 3>, <RepairOrder 2>]}"}.
